

HI-TECH Software PICC Macro Assembler V9.60PL3 build 3862 
                                                      Wed Apr 29 16:34:21 2020

HI-TECH Software Code Generator build 3862
     1                           	processor	16F887
     2                           	opt	pw 79
     3                           	psect	text0,local,class=CODE,delta=2
     4                           	psect	config,global,class=CONFIG,delta=2
     5                           	psect	text1,local,class=CODE,delta=2
     6                           	psect	text2,local,class=CODE,delta=2
     7  0000                     
     8  0000                     
     9  0000                     
    10  0000                     
    11  0000                     
    12  0000                     
    13  0000                     
    14  0000                     
    15  0000                     
    16  0000                     
    17  0000                     	;#
    18                           
    19                           	psect	text0
    20  0802                     _init_board
    21                           ;init30a.c: 45: void init_board( void )
    22  0802  3060               	movlw	96
    23  0803  1683               	bsf	3,5
    24  0804  1303               	bcf	3,6	;carry unused
    25  0805  0081               	movwf	1
    26                           ;init30a.c: 59: WPUB = ((( 1U << (2) ))|(( 1U <
      +                          < (5) )));
    27  0806  3024               	movlw	36
    28  0807  0095               	movwf	21
    29                           ;init30a.c: 67: PORTB = ((( 1U << (2) ))|(( 1U 
      +                          << (5) )));
    30  0808  1283               	bcf	3,5
    31  0809  0086               	movwf	6	;volatile
    32                           ;init30a.c: 70: TRISB = 0x3A;
    33  080A  303A               	movlw	58
    34  080B  1683               	bsf	3,5
    35  080C  0086               	movwf	6	;volatile
    36                           ;init30a.c: 79: PORTA = 0x08;
    37  080D  3008               	movlw	8
    38  080E  1283               	bcf	3,5
    39  080F  0085               	movwf	5	;volatile
    40                           ;init30a.c: 80: TRISA = 0x03;
    41  0810  3003               	movlw	3
    42  0811  1683               	bsf	3,5
    43  0812  0085               	movwf	5	;volatile
    44                           ;init30a.c: 83: PORTC = 0x41;
    45  0813  3041               	movlw	65
    46  0814  1283               	bcf	3,5
    47  0815  0087               	movwf	7	;volatile
    48                           ;init30a.c: 85: TRISC = 0x90;
    49  0816  3090               	movlw	-112
    50  0817  1683               	bsf	3,5
    51  0818  0087               	movwf	7	;volatile
    52                           ;init30a.c: 91: ANSEL = 0x03;
    53  0819  3003               	movlw	3
    54  081A  1703               	bsf	3,6
    55  081B  0088               	movwf	8
    56                           ;init30a.c: 92: ANSELH = 0x0A;
    57  081C  300A               	movlw	10
    58  081D  0089               	movwf	9
    59                           ;init30a.c: 96: ADCON0 = 0x81;
    60  081E  3081               	movlw	-127
    61  081F  1283               	bcf	3,5
    62  0820  1303               	bcf	3,6	;carry unused
    63  0821  009F               	movwf	31	;volatile
    64                           ;init30a.c: 97: ADCON1 = 0x00;
    65  0822  1683               	bsf	3,5
    66  0823  019F               	clrf	31
    67                           ;init30a.c: 100: T1CON = 0x11;
    68  0824  3011               	movlw	17
    69  0825  1283               	bcf	3,5
    70  0826  0090               	movwf	16
    71                           ;init30a.c: 103: VRCON = 0xE8;
    72  0827  30E8               	movlw	-24
    73  0828  1683               	bsf	3,5
    74  0829  0097               	movwf	23
    75                           ;init30a.c: 104: CM2CON1 |= 0x20;
    76  082A  1283               	bcf	3,5
    77  082B  1703               	bsf	3,6
    78  082C  1689               	bsf	9,5	;volatile
    79                           ;init30a.c: 105: CM1CON0 = 0xA5;
    80  082D  30A5               	movlw	-91
    81  082E  0087               	movwf	7	;volatile
    82                           ;init30a.c: 109: SSPSTAT = 0x40;
    83  082F  3040               	movlw	64
    84  0830  1683               	bsf	3,5
    85  0831  1303               	bcf	3,6	;carry unused
    86  0832  0094               	movwf	20	;volatile
    87                           ;init30a.c: 112: SSPCON = 0x31;
    88  0833  3031               	movlw	49
    89  0834  1283               	bcf	3,5
    90  0835  0094               	movwf	20	;volatile
    91                           ;init30a.c: 116: SPBRG = 12;
    92  0836  300C               	movlw	12
    93  0837  1683               	bsf	3,5
    94  0838  0099               	movwf	25
    95                           ;init30a.c: 117: TXSTA = 0x04;
    96  0839  3004               	movlw	4
    97  083A  0098               	movwf	24	;volatile
    98                           ;init30a.c: 118: RCSTA = 0x80;
    99  083B  3080               	movlw	-128
   100  083C  1283               	bcf	3,5
   101  083D  0098               	movwf	24	;volatile
   102                           ;init30a.c: 122: }
   103  083E  0008               	return	;W free
   104                           
   105                           	psect	config
   106  2007  23C1               	dw	9153	;#
   107  2008  3EFF               	dw	16127	;#
   108                           
   109                           	psect	text1
   110  07E3                     __end_of_init_board
   111  07E3                     _ReadADChannel
   112                           ;	_ch assigned to ?a_ReadADChannel+0
   113  0000                     _ReadADChannel$ch	set	?a_ReadADChannel
   114                           ;	_ii assigned to ?a_ReadADChannel+1
   115  0000                     _ReadADChannel$ii	set	?a_ReadADChannel+1
   116                           ;_ch stored from w
   117  07E3  0183               	clrf	3	;select bank 0
   118  07E4  00BB               	movwf	?a_ReadADChannel
   119                           ;init30a.c: 130: BYTE ReadADChannel( BYTE ch )
   120  07E5  019F               	clrf	31	;volatile
   121                           ;init30a.c: 134: ADCON1 = 0x00;
   122  07E6  1683               	bsf	3,5
   123  07E7  019F               	clrf	31
   124                           ;init30a.c: 135: ADCON0 = 0x81 | ch;
   125  07E8  1283               	bcf	3,5
   126  07E9  3881               	iorlw	-127
   127  07EA  009F               	movwf	31	;volatile
   128                           ;init30a.c: 136: for( ii = 0; ii < 10; ++ii )
   129  07EB  01BC               	clrf	?a_ReadADChannel+1	;volatile
   130  07EC  300A               	movlw	10
   131  07ED  023C               	subwf	?a_ReadADChannel+1,w	;volatile
   132  07EE  1803               	btfsc	3,0
   133  07EF  2FF5               	goto	l12
   134  07F0                     l11
   135                           ;init30a.c: 137: ;
   136  07F0  0ABC               	incf	?a_ReadADChannel+1	;volatile
   137  07F1  300A               	movlw	10
   138  07F2  023C               	subwf	?a_ReadADChannel+1,w	;volatile
   139  07F3  1C03               	btfss	3,0
   140  07F4  2FF0               	goto	l11
   141  07F5                     l12
   142                           ;init30a.c: 138: GODONE = 1;
   143  07F5  149F               	bsf	31,1
   144                           ;init30a.c: 139: asm("nop");
   145  07F6  0000               	nop	;#
   146                           ;init30a.c: 140: while( GODONE );
   147  07F7                     l14
   148  07F7  189F               	btfsc	31,1
   149  07F8  2FF7               	goto	l14
   150                           ;init30a.c: 141: return( ADRESH );
   151  07F9  081E               	movf	30,w	;volatile
   152                           ;init30a.c: 142: }
   153  07FA  0008               	return	;uses W
   154                           
   155                           	psect	text2
   156  07FE                     __end_of_ReadADChannel
   157  0000                     
   158  0000                     
   159  0000                     
   160  0000                     
   161  0000                     
   162  0000                     
   163  0000                     
   164  0000                     
   165  0000                     
   166  0000                     
   167  0000                     
   168  0000                     
   169  0000                     
   170  0000                     
   171  0000                     
   172  0000                     
   173  0000                     
   174  0000                     
   175  0000                     
   176  0000                     
   177  0000                     
   178  0000                     
   179  0000                     
   180  0000                     
   181  0000                     
   182  0000                     
   183  0000                     
   184  0000                     
   185  0000                     
   186  0000                     
   187  0000                     
   188  0000                     
   189  0000                     
   190  0000                     
   191  0000                     
   192  0000                     
   193  0000                     
   194  0000                     
   195  0000                     
   196  0000                     
   197  0000                     
   198  0000                     
   199  0000                     
   200  0000                     
   201  0000                     
   202  0000                     
   203  0000                     
   204  0000                     
   205  0000                     
   206  0000                     
   207  0000                     
   208  0000                     
   209  0000                     
   210  0000                     
   211  0000                     
   212  0000                     
   213  0000                     
   214  0000                     
   215  0000                     
   216  0000                     
   217  0000                     
   218  0000                     
   219  0000                     
   220  0000                     
   221  0000                     
   222  0000                     
   223  0000                     
   224  0000                     
   225  0000                     
   226  0000                     
   227  0000                     
   228  0000                     
   229  0000                     
   230  0000                     
   231  0000                     
   232  0000                     
   233  0000                     
   234  0000                     
   235  0000                     
   236  0000                     
   237  0000                     
   238  0000                     
   239  0000                     
   240  0000                     
   241  0000                     
   242  0000                     
   243  0000                     
   244  0000                     
   245  0000                     
   246  0000                     
   247  0000                     
   248  0000                     
   249  0000                     
   250  0000                     
   251  0000                     
   252  0000                     
   253  0000                     
   254  0000                     
   255  0000                     
   256  0000                     
   257  0000                     
   258  0000                     
   259  0000                     
   260  0000                     
   261  0000                     
   262  0000                     
   263  0000                     
   264  0000                     
   265  0000                     
   266  0000                     
   267  0000                     
   268  0000                     
   269  0000                     
   270  0000                     
   271  0000                     
   272  0000                     
   273  0000                     
   274  0000                     
   275  0000                     
   276  0000                     
   277  0000                     
   278  0000                     
   279  0000                     
   280  0000                     
   281  0000                     
   282  0000                     
   283  0000                     
   284  0000                     
   285  0000                     
   286  0000                     
   287  0000                     
   288  0000                     
   289  0000                     
   290  0000                     
   291  0000                     
   292  0000                     
   293  0000                     
   294  0000                     
   295  0000                     
   296  0000                     
   297  0000                     
   298  0000                     
   299  0000                     
   300  0000                     
   301  0000                     
   302  0000                     
   303  0000                     
   304  0000                     
   305  0000                     
   306  0000                     
   307  0000                     
   308  0000                     
   309  0000                     
   310  0000                     
   311  0000                     
   312  0000                     
   313  0000                     
   314  0000                     
   315  0000                     
   316  0000                     
   317  0000                     
   318  0000                     
   319  0000                     
   320  0000                     
   321  0000                     
   322  0000                     
   323  0000                     
   324  0000                     
   325  0000                     
   326  0000                     
   327  0000                     
   328  0000                     
   329  0000                     
   330  0000                     
   331  0000                     
   332  0000                     
   333  0000                     
   334  0000                     
   335  0000                     
   336  0000                     
   337  0000                     
   338  0000                     
   339  0000                     
   340  0000                     
   341  0000                     
   342  0000                     
   343  0000                     
   344  0000                     
   345  0000                     
   346  0000                     
   347  0000                     
   348  0000                     
   349  0000                     
   350  0000                     
   351  0000                     
   352  0000                     
   353  0000                     
   354  0000                     
   355  0000                     
   356  0000                     
   357  0000                     
   358  0000                     
   359  0000                     
   360  0000                     
   361  0000                     
   362  0000                     
   363  0000                     
   364  0000                     
   365  0000                     
   366  0000                     
   367  0000                     
   368  0000                     
   369  0000                     
   370  0000                     
   371  0000                     
   372  0000                     
   373  0000                     
   374  0000                     
   375  0000                     
   376  0000                     
   377  0000                     
   378  0000                     
   379  0000                     
   380  0000                     
   381  0000                     
   382  0000                     
   383  0000                     
   384  0000                     
   385  0000                     
   386  0000                     
   387  0000                     
   388  0000                     
   389  0000                     
   390  0000                     
   391  0000                     
   392  0000                     
   393  0000                     
   394  0000                     
   395  0000                     
   396  0000                     
   397  0000                     
   398  0000                     
   399  0000                     
   400  0000                     
   401  0000                     
   402  0000                     
   403  0000                     
   404  0000                     
   405  0000                     
   406  0000                     
   407  0000                     
   408  0000                     
   409  0000                     
   410  0000                     
   411  0000                     
   412  0000                     
   413  0000                     
   414  0000                     
   415  0000                     
   416  0000                     
   417  0000                     
   418  0000                     
   419  0000                     
   420  0000                     
   421  0000                     
   422  0000                     
   423  0000                     
   424  0000                     
   425  0000                     
   426  0000                     
   427  0000                     
   428  0000                     
   429  0000                     
   430  0000                     
   431  0000                     
   432  0000                     
   433  0000                     
   434  0000                     
   435  0000                     
   436  0000                     
   437  0000                     
   438  0000                     
   439  0000                     
   440  0000                     
   441  0000                     
   442  0000                     
   443  0000                     
   444  0000                     
   445  0000                     
   446  0000                     
   447  0000                     
   448  0000                     
   449  0000                     
   450  0000                     
   451  0000                     
   452  0000                     
   453  0000                     
   454  0000                     
   455  0000                     
   456  0000                     
   457  0000                     
   458  0000                     
   459  0000                     
   460  0000                     
   461  0000                     
   462  0000                     
   463  0000                     
   464  0000                     
   465  0000                     
   466  0000                     
   467  0000                     
   468  0000                     
   469  0000                     
   470  0000                     
   471  0000                     
   472  0000                     
   473  0000                     
   474  0000                     
   475  0000                     
   476  0000                     
   477  0000                     
   478  0000                     
   479  0000                     
   480  0000                     
   481  0000                     
   482  0000                     
   483  0000                     
   484  0000                     
   485  0000                     
   486  0000                     
   487  0000                     
   488  0000                     
   489  0000                     
   490  0000                     
   491  0000                     
   492  0000                     
   493  0000                     
   494  0000                     
   495  0000                     
   496  0000                     
   497  0000                     
   498  0000                     
   499  0000                     
   500  0000                     
   501  0000                     
   502  0000                     
   503  0000                     
   504  0000                     
   505  0000                     
   506  0000                     
   507  0000                     
   508  0000                     
   509  0000                     
   510  0000                     
   511  0000                     
   512  0000                     
   513  0000                     
   514  0000                     
   515  0000                     
   516  0000                     
   517  0000                     
   518  0000                     
   519  0000                     
   520  0000                     
   521  0000                     
   522  0000                     
   523  0000                     
   524  0000                     
   525  0000                     
   526  0000                     
   527  0000                     
   528  0000                     
   529  0000                     
   530  0000                     
   531  0000                     
   532  0000                     
   533  0000                     
   534  0000                     
   535  0000                     
   536  0000                     
   537  0000                     
   538  0000                     
   539  0000                     
   540  0000                     
   541  0000                     
   542  0000                     
   543  0000                     
   544  0000                     
   545  0000                     
   546  0000                     
   547  0000                     
   548  0000                     
   549  0000                     
   550  0000                     
   551  0000                     
   552  0000                     
   553  0000                     
   554  0000                     
   555  0000                     
   556  0000                     
   557  0000                     
   558  0000                     
   559  0000                     
   560  0000                     
   561  0000                     
   562  0000                     
   563  0000                     
   564  0000                     
   565  0000                     
   566  0000                     
   567  0000                     
   568  0000                     
   569  0000                     
   570  0000                     
   571  0000                     
   572  0000                     


HI-TECH Software PICC Macro Assembler V9.60PL3 build 3862 
Symbol Table                                          Wed Apr 29 16:34:21 2020

   __end_of_init_board 07E3                     l11 07F0  
                   l12 07F5                     l14 07F7  
           _init_board 0802          _ReadADChannel 07E3  
                status 0003        ?a_ReadADChannel 003B  
__end_of_ReadADChannel 07FE  
