

HI-TECH Software PICC Macro Assembler V9.60PL3 build 3862 
                                                      Wed Apr 29 16:34:22 2020

HI-TECH Software Code Generator build 3862
     1                           	processor	16F887
     2                           	opt	pw 79
     3                           	psect	strings,global,class=STRING,delta=2
     4                           	psect	const1,local,class=CONST,delta=2
     5                           	psect	const2,local,class=CONST,delta=2
     6                           	psect	text0,local,class=CODE,delta=2
     7                           	psect	text2,local,class=CODE,delta=2
     8                           	psect	text3,local,class=CODE,delta=2
     9                           	psect	temp,global,ovrld,class=BANK0,space=1,de
      +                          lta=1
    10  0000                     
    11  0000                     
    12  0000                     
    13  0000                     
    14  0000                     
    15  0000                     
    16  0000                     
    17  0000                     
    18  0000                     
    19  0000                     
    20  0000                     
    21                           
    22                           	psect	const1
    23  1063  0782               	addwf	2
    24  1064                     _pkt_len_au
    25  1064  3408               	retlw	8
    26  1065  3408               	retlw	8
    27  1066  34FF               	retlw	-1
    28  1067  3408               	retlw	8
    29  1068  3408               	retlw	8
    30  1069  340A               	retlw	10
    31  106A  34FF               	retlw	-1
    32  106B  34FF               	retlw	-1
    33  106C  34FF               	retlw	-1
    34  106D  3409               	retlw	9
    35                           
    36                           	psect	const2
    37  1056  0782               	addwf	2
    38  1057                     _pkt_ctl_len_au
    39  1057  340D               	retlw	13
    40  1058  3408               	retlw	8
    41  1059  340D               	retlw	13
    42  105A  3409               	retlw	9
    43  105B  34FF               	retlw	-1
    44  105C  3409               	retlw	9
    45  105D  34FF               	retlw	-1
    46  105E  34FF               	retlw	-1
    47  105F  34FF               	retlw	-1
    48  1060  34FF               	retlw	-1
    49  1061  34FF               	retlw	-1
    50  1062  340B               	retlw	11
    51                           
    52                           	psect	text0
    53  15EA                     _UHFCommsInit
    54                           ;uhf_cmn.c: 67: BYTE UHFCommsInit(void)
    55  15EA  0183               	clrf	3	;select bank 0
    56  15EB  1218               	bcf	24,4
    57                           ;uhf_cmn.c: 72: RCIE = 0;
    58  15EC  1683               	bsf	3,5
    59  15ED  128C               	bcf	12,5
    60                           ;uhf_cmn.c: 73: TXEN = 0;
    61  15EE  1298               	bcf	24,5
    62                           ;uhf_cmn.c: 74: TXIE = 0;
    63  15EF  120C               	bcf	12,4
    64                           ;uhf_cmn.c: 76: uhf.rxt_state = UHF_RXTX_PREAMB
      +                          LE;
    65  15F0  1283               	bcf	3,5
    66  15F1  1703               	bsf	3,6
    67  15F2  0190               	clrf	_uhf^(0+256)
    68                           ;uhf_cmn.c: 77: uhf.idx = 0;
    69  15F3  0191               	clrf	(_uhf+1)^(0+256)
    70                           ;uhf_cmn.c: 79: uhf_registration_timeout = (tim
      +                          er.cnt + (ushort)((3*60*(15.2588))));
    71  15F4  30BA               	movlw	186
    72  15F5  1303               	bcf	3,6	;carry unused
    73  15F6  0734               	addwf	_timer,w	;volatile
    74  15F7  00B1               	movwf	_uhf_registration_timeout
    75  15F8  300A               	movlw	10
    76  15F9  1803               	btfsc	3,0
    77  15FA  300B               	movlw	11
    78  15FB  0735               	addwf	_timer+1,w	;volatile
    79  15FC  00B2               	movwf	_uhf_registration_timeout+1
    80                           ;uhf_cmn.c: 81: if( InitUHFTranceiver() )
    81  15FD  160A  118A  2691   	fcall	_InitUHFTranceiver
      +       160A  118A         
    82  1602  3800               	iorlw	0
    83  1603  1903               	btfsc	3,2
    84  1604  2E07               	goto	l31
    85                           ;uhf_cmn.c: 82: return( 1 );
    86  1605  3001               	movlw	1
    87  1606  2E11               	goto	l30
    88  1607                     l31
    89                           ;uhf_cmn.c: 85: SetUHFMode( UHF_RX_MODE );
    90  1607  3000               	movlw	0
    91  1608  160A  118A  27AD   	fcall	_SetUHFMode
      +       160A  118A         
    92                           ;uhf_cmn.c: 87: CREN = 1;
    93  160D  1618               	bsf	24,4
    94                           ;uhf_cmn.c: 88: RCIE = 1;
    95  160E  1683               	bsf	3,5
    96  160F  168C               	bsf	12,5
    97                           ;uhf_cmn.c: 91: return( 0 );
    98  1610  3000               	movlw	0
    99                           ;uhf_cmn.c: 92: }
   100  1611                     l30
   101  1611  1283               	bcf	3,5
   102  1612  0008               	return	;uses W
   103                           
   104                           	psect	text2
   105  08E9                     __end_of_CalcUHFChecksum
   106  08E9                     _get_pkt_len
   107                           ;uhf_cmn.c: 136: BYTE get_pkt_len(void)
   108  08E9  1283               	bcf	3,5
   109  08EA  1703               	bsf	3,6
   110  08EB  0C15               	rrf	(_uhf+5)^(0+256),w
   111  08EC  00F4               	movwf	btemp
   112  08ED  0CF4               	rrf	btemp
   113  08EE  0C74               	rrf	btemp,w
   114  08EF  390F               	andlw	15
   115  08F0  00F4               	movwf	btemp
   116  08F1  3005               	movlw	5
   117  08F2  0274               	subwf	btemp,w
   118  08F3  1803               	btfsc	3,0
   119  08F4  2907               	goto	l48
   120                           ;uhf_cmn.c: 148: return( pkt_len_au[uhf.pkt.bi.
      +                          type].b[uhf.pkt.bi.ms] );
   121  08F5  3010               	movlw	_pkt_len_au shr (0+8)
   122  08F6  008A               	movwf	10
   123  08F7  0D15               	rlf	(_uhf+5)^(0+256),w
   124  08F8  0D15               	rlf	(_uhf+5)^(0+256),w
   125  08F9  3901               	andlw	1
   126  08FA  00F4               	movwf	btemp
   127  08FB  0C15               	rrf	(_uhf+5)^(0+256),w
   128  08FC  00F5               	movwf	btemp+1
   129  08FD  0CF5               	rrf	btemp+1
   130  08FE  0C75               	rrf	btemp+1,w
   131  08FF  390F               	andlw	15
   132  0900  00F5               	movwf	btemp+1
   133  0901  0775               	addwf	btemp+1,w
   134  0902  0774               	addwf	btemp,w
   135  0903  2063               	call	((_pkt_len_au+-1)& (0+2047))| (($)& (0+-2
      +                          048))
   136  0904  120A  158A         	pagesel	$
   137  0906  2921               	goto	l47
   138  0907                     l48
   139                           ;uhf_cmn.c: 149: else if( uhf.pkt.bi.type == UH
      +                          F_CONTROL_PKT )
   140  0907  0C15               	rrf	(_uhf+5)^(0+256),w
   141  0908  00F4               	movwf	btemp
   142  0909  0CF4               	rrf	btemp
   143  090A  0C74               	rrf	btemp,w
   144  090B  390F               	andlw	15
   145  090C  3A0F               	xorlw	15
   146  090D  1D03               	btfss	3,2
   147  090E  2920               	goto	l49
   148                           ;uhf_cmn.c: 150: { if( uhf.pkt.cqc.type_ctl < (
      +                          sizeof (pkt_ctl_len_au)/2) )
   149  090F  3006               	movlw	6
   150  0910  0216               	subwf	(_uhf+6)^(0+256),w
   151  0911  1803               	btfsc	3,0
   152  0912  2920               	goto	l49
   153                           ;uhf_cmn.c: 151: return( pkt_ctl_len_au[uhf.pkt
      +                          .cqc.type_ctl].b[uhf.pkt.cqc.ms] );
   154  0913  3010               	movlw	_pkt_ctl_len_au shr (0+8)
   155  0914  008A               	movwf	10
   156  0915  0D15               	rlf	(_uhf+5)^(0+256),w
   157  0916  0D15               	rlf	(_uhf+5)^(0+256),w
   158  0917  3901               	andlw	1
   159  0918  00F4               	movwf	btemp
   160  0919  0816               	movf	(_uhf+6)^(0+256),w
   161  091A  0716               	addwf	(_uhf+6)^(0+256),w
   162  091B  0774               	addwf	btemp,w
   163  091C  2056               	call	((_pkt_ctl_len_au+-1)& (0+2047))| (($)& (
      +                          0+-2048))
   164  091D  120A  158A         	pagesel	$
   165  091F  2921               	goto	l47
   166  0920                     l49
   167                           ;uhf_cmn.c: 152: }
   168  0920  30FF               	movlw	-1
   169                           ;uhf_cmn.c: 171: }
   170  0921                     l47
   171  0921  1303               	bcf	3,6	;carry unused
   172  0922  0008               	return	;uses W
   173  0923                     __end_of_UHFCommsInit
   174  0923                     _CalcUHFChecksum
   175                           ;	_set_flag assigned to ?a_CalcUHFChecksum+0
   176  0000                     _CalcUHFChecksum$set_flag	set	?a_CalcUHFChecksu
      +                          m
   177                           ;	_jj assigned to ?a_CalcUHFChecksum+1
   178  0000                     _CalcUHFChecksum$jj	set	?a_CalcUHFChecksum+1
   179                           ;	_ii assigned to ?a_CalcUHFChecksum+2
   180  0000                     _CalcUHFChecksum$ii	set	?a_CalcUHFChecksum+2
   181                           ;	_num assigned to ?a_CalcUHFChecksum+3
   182  0000                     _CalcUHFChecksum$num	set	?a_CalcUHFChecksum+3
   183                           ;	_crc assigned to ?a_CalcUHFChecksum+4
   184  0000                     _CalcUHFChecksum$crc	set	?a_CalcUHFChecksum+4
   185                           ;_set_flag stored from w
   186  0923  0183               	clrf	3	;select bank 0
   187  0924  00C4               	movwf	?a_CalcUHFChecksum
   188                           ;uhf_cmn.c: 97: BYTE CalcUHFChecksum( uchar set
      +                          _flag )
   189  0925  30FF               	movlw	255
   190  0926  00C8               	movwf	?a_CalcUHFChecksum+4
   191  0927  00C9               	movwf	?a_CalcUHFChecksum+5
   192                           ;uhf_cmn.c: 100: BYTE num = get_pkt_len();
   193  0928  20E9               	fcall	_get_pkt_len
   194  0929  1383               	bcf	3,7
   195  092A  00C7               	movwf	?a_CalcUHFChecksum+3
   196                           ;uhf_cmn.c: 101: BYTE ii, jj;
   197  092B  0F47               	incfsz	?a_CalcUHFChecksum+3,w
   198  092C  292E               	goto	l33
   199                           ;uhf_cmn.c: 104: return( 0xFF );
   200  092D  34FF               	retlw	-1
   201  092E                     l33
   202                           ;uhf_cmn.c: 105: else
   203  092E  30FE               	movlw	-2
   204  092F  07C7               	addwf	?a_CalcUHFChecksum+3
   205                           ;uhf_cmn.c: 109: for( ii = 0; ii < num; ii++ )
   206  0930  01C6               	clrf	?a_CalcUHFChecksum+2
   207  0931                     l38
   208  0931  0847               	movf	?a_CalcUHFChecksum+3,w
   209  0932  0246               	subwf	?a_CalcUHFChecksum+2,w
   210  0933  1803               	btfsc	3,0
   211  0934  2956               	goto	l36
   212                           ;uhf_cmn.c: 110: { crc ^= uhf.pkt.data[ii];
   213  0935  0846               	movf	?a_CalcUHFChecksum+2,w
   214  0936  3E14               	addlw	(_uhf+4)^(0+256)
   215  0937  0084               	movwf	4
   216  0938  1783               	bsf	3,7
   217  0939  0800               	movf	0,w
   218  093A  06C8               	xorwf	?a_CalcUHFChecksum+4
   219                           ;uhf_cmn.c: 111: for( jj = 0; jj < 8; jj++ )
   220  093B  01C5               	clrf	?a_CalcUHFChecksum+1
   221  093C                     l39
   222                           ;uhf_cmn.c: 112: { if( crc & 1 )
   223  093C  1C48               	btfss	?a_CalcUHFChecksum+4,0
   224  093D  294C               	goto	l42
   225                           ;uhf_cmn.c: 113: crc = (crc >> 1) ^ 0xA001;
   226  093E  0849               	movf	?a_CalcUHFChecksum+5,w
   227  093F  00F5               	movwf	btemp+1
   228  0940  0848               	movf	?a_CalcUHFChecksum+4,w
   229  0941  00F4               	movwf	btemp
   230  0942  1003               	bcf	3,0
   231  0943  0CF5               	rrf	btemp+1
   232  0944  0CF4               	rrf	btemp
   233  0945  3001               	movlw	1
   234  0946  0674               	xorwf	btemp,w
   235  0947  00C8               	movwf	?a_CalcUHFChecksum+4
   236  0948  30A0               	movlw	160
   237  0949  0675               	xorwf	btemp+1,w
   238  094A  00C9               	movwf	?a_CalcUHFChecksum+5
   239  094B  294F               	goto	l43
   240  094C                     l42
   241                           ;uhf_cmn.c: 114: else
   242  094C  1003               	bcf	3,0
   243  094D  0CC9               	rrf	?a_CalcUHFChecksum+5
   244  094E  0CC8               	rrf	?a_CalcUHFChecksum+4
   245  094F                     l43
   246  094F  0AC5               	incf	?a_CalcUHFChecksum+1
   247  0950  3008               	movlw	8
   248  0951  0245               	subwf	?a_CalcUHFChecksum+1,w
   249  0952  1C03               	btfss	3,0
   250  0953  293C               	goto	l39
   251  0954  0AC6               	incf	?a_CalcUHFChecksum+2
   252  0955  2931               	goto	l38
   253  0956                     l36
   254                           ;uhf_cmn.c: 116: }
   255  0956  08C4               	movf	?a_CalcUHFChecksum
   256  0957  1903               	btfsc	3,2
   257  0958  2966               	goto	l44
   258                           ;uhf_cmn.c: 120: { uhf.pkt.data[num ] = (BYTE)(
      +                          crc >> 8 );
   259  0959  0847               	movf	?a_CalcUHFChecksum+3,w
   260  095A  3E14               	addlw	(_uhf+4)^(0+256)
   261  095B  0084               	movwf	4
   262  095C  1783               	bsf	3,7
   263  095D  0849               	movf	?a_CalcUHFChecksum+5,w
   264  095E  0080               	movwf	0
   265                           ;uhf_cmn.c: 121: uhf.pkt.data[num+1] = (BYTE)(c
      +                          rc );
   266  095F  0847               	movf	?a_CalcUHFChecksum+3,w
   267  0960  3E15               	addlw	(_uhf+5)^(0+256)
   268  0961  0084               	movwf	4
   269  0962  1783               	bsf	3,7
   270  0963  0848               	movf	?a_CalcUHFChecksum+4,w
   271  0964  0080               	movwf	0
   272                           ;uhf_cmn.c: 122: return( (0) );
   273  0965  3400               	retlw	0
   274  0966                     l44
   275                           ;uhf_cmn.c: 125: else
   276  0966  0847               	movf	?a_CalcUHFChecksum+3,w
   277  0967  3E14               	addlw	(_uhf+4)^(0+256)
   278  0968  0084               	movwf	4
   279  0969  1783               	bsf	3,7
   280  096A  0800               	movf	0,w
   281  096B  00F5               	movwf	btemp+1
   282  096C  01F4               	clrf	btemp
   283  096D  0847               	movf	?a_CalcUHFChecksum+3,w
   284  096E  3E15               	addlw	(_uhf+5)^(0+256)
   285  096F  0084               	movwf	4
   286  0970  1783               	bsf	3,7
   287  0971  0800               	movf	0,w
   288  0972  04F4               	iorwf	btemp
   289  0973  0849               	movf	?a_CalcUHFChecksum+5,w
   290  0974  0675               	xorwf	btemp+1,w
   291  0975  1D03               	btfss	3,2
   292  0976  2979               	goto	u75
   293  0977  0848               	movf	?a_CalcUHFChecksum+4,w
   294  0978  0674               	xorwf	btemp,w
   295  0979                     u75
   296  0979  1903               	btfsc	3,2
   297                           ;uhf_cmn.c: 127: return( (0) );
   298  097A  3400               	retlw	0
   299                           ;uhf_cmn.c: 128: }
   300  097B  34FF               	retlw	-1
   301                           
   302                           	psect	text3
   303  07FE                     __end_of_get_pkt_len
   304  0000                     
   305  0000                     
   306  0000                     
   307  0000                     
   308  0000                     
   309  0000                     
   310  0000                     
   311  0000                     
   312  0000                     
   313  0000                     
   314  0000                     
   315  0000                     
   316  0000                     
   317  0000                     
   318  0000                     
   319  0000                     
   320  0000                     
   321  0000                     
   322  0000                     
   323  0000                     
   324  0000                     
   325  0000                     
   326  0000                     
   327  0000                     
   328  0000                     
   329  0000                     
   330  0000                     
   331  0000                     
   332  0000                     
   333  0000                     
   334  0000                     
   335  0000                     
   336  0000                     
   337  0000                     
   338  0000                     
   339  0000                     
   340  0000                     
   341  0000                     
   342  0000                     
   343  0000                     
   344  0000                     
   345  0000                     
   346  0000                     
   347  0000                     
   348  0000                     
   349  0000                     
   350  0000                     
   351  0000                     
   352  0000                     
   353  0000                     
   354  0000                     
   355  0000                     
   356  0000                     
   357  0000                     
   358  0000                     
   359  0000                     
   360  0000                     
   361  0000                     
   362  0000                     
   363  0000                     
   364  0000                     
   365  0000                     
   366  0000                     
   367  0000                     
   368  0000                     
   369  0000                     
   370  0000                     
   371  0000                     
   372  0000                     
   373  0000                     
   374  0000                     
   375  0000                     
   376  0000                     
   377  0000                     
   378  0000                     
   379  0000                     
   380  0000                     
   381  0000                     
   382  0000                     
   383  0000                     
   384  0000                     
   385  0000                     
   386  0000                     
   387  0000                     
   388  0000                     
   389  0000                     
   390  0000                     
   391  0000                     
   392  0000                     
   393  0000                     
   394  0000                     
   395  0000                     
   396  0000                     
   397  0000                     
   398  0000                     
   399  0000                     
   400  0000                     
   401  0000                     
   402  0000                     
   403  0000                     
   404  0000                     
   405  0000                     
   406  0000                     
   407  0000                     
   408  0000                     
   409  0000                     
   410  0000                     
   411  0000                     
   412  0000                     
   413  0000                     
   414  0000                     
   415  0000                     
   416  0000                     
   417  0000                     
   418  0000                     
   419  0000                     
   420  0000                     
   421  0000                     
   422  0000                     
   423  0000                     
   424  0000                     
   425  0000                     
   426  0000                     
   427  0000                     
   428  0000                     
   429  0000                     
   430  0000                     
   431  0000                     
   432  0000                     
   433  0000                     
   434  0000                     
   435  0000                     
   436  0000                     
   437  0000                     
   438  0000                     
   439  0000                     
   440  0000                     
   441  0000                     
   442  0000                     
   443  0000                     
   444  0000                     
   445  0000                     
   446  0000                     
   447  0000                     
   448  0000                     
   449  0000                     
   450  0000                     
   451  0000                     
   452  0000                     
   453  0000                     
   454  0000                     
   455  0000                     
   456  0000                     
   457  0000                     
   458  0000                     
   459  0000                     
   460  0000                     
   461  0000                     
   462  0000                     
   463  0000                     
   464  0000                     
   465  0000                     
   466  0000                     
   467  0000                     
   468  0000                     
   469  0000                     
   470  0000                     
   471  0000                     
   472  0000                     
   473  0000                     
   474  0000                     
   475  0000                     
   476  0000                     
   477  0000                     
   478  0000                     
   479  0000                     
   480  0000                     
   481  0000                     
   482  0000                     
   483  0000                     
   484  0000                     
   485  0000                     
   486  0000                     
   487  0000                     
   488  0000                     
   489  0000                     
   490  0000                     
   491  0000                     
   492  0000                     
   493  0000                     
   494  0000                     
   495  0000                     
   496  0000                     
   497  0000                     
   498  0000                     
   499  0000                     
   500  0000                     
   501  0000                     
   502  0000                     
   503  0000                     
   504  0000                     
   505  0000                     
   506  0000                     
   507  0000                     
   508  0000                     
   509  0000                     
   510  0000                     
   511  0000                     
   512  0000                     
   513  0000                     
   514  0000                     
   515  0000                     
   516  0000                     
   517  0000                     
   518  0000                     
   519  0000                     
   520  0000                     
   521  0000                     
   522  0000                     
   523  0000                     
   524  0000                     
   525  0000                     
   526  0000                     
   527  0000                     
   528  0000                     
   529  0000                     
   530  0000                     
   531  0000                     
   532  0000                     
   533  0000                     
   534  0000                     
   535  0000                     
   536  0000                     
   537  0000                     
   538  0000                     
   539  0000                     
   540  0000                     
   541  0000                     
   542  0000                     
   543  0000                     
   544  0000                     
   545  0000                     
   546  0000                     
   547  0000                     
   548  0000                     
   549  0000                     
   550  0000                     
   551  0000                     
   552  0000                     
   553  0000                     
   554  0000                     
   555  0000                     
   556  0000                     
   557  0000                     
   558  0000                     
   559  0000                     
   560  0000                     
   561  0000                     
   562  0000                     
   563  0000                     
   564  0000                     
   565  0000                     
   566  0000                     
   567  0000                     
   568  0000                     
   569  0000                     
   570  0000                     
   571  0000                     
   572  0000                     
   573  0000                     
   574  0000                     
   575  0000                     
   576  0000                     
   577  0000                     
   578  0000                     
   579  0000                     
   580  0000                     
   581  0000                     
   582  0000                     
   583  0000                     
   584  0000                     
   585  0000                     
   586  0000                     
   587  0000                     
   588  0000                     
   589  0000                     
   590  0000                     
   591  0000                     
   592  0000                     
   593  0000                     
   594  0000                     
   595  0000                     
   596  0000                     
   597  0000                     
   598  0000                     
   599  0000                     
   600  0000                     
   601  0000                     
   602  0000                     
   603  0000                     
   604  0000                     
   605  0000                     
   606  0000                     
   607  0000                     
   608  0000                     
   609  0000                     
   610  0000                     
   611  0000                     
   612  0000                     
   613  0000                     
   614  0000                     
   615  0000                     
   616  0000                     
   617  0000                     
   618  0000                     
   619  0000                     
   620  0000                     
   621  0000                     
   622  0000                     
   623  0000                     
   624  0000                     
   625  0000                     
   626  0000                     
   627  0000                     
   628  0000                     
   629  0000                     
   630  0000                     
   631  0000                     
   632  0000                     
   633  0000                     
   634  0000                     
   635  0000                     
   636  0000                     
   637  0000                     
   638  0000                     
   639  0000                     
   640  0000                     
   641  0000                     
   642  0000                     
   643  0000                     
   644  0000                     
   645  0000                     
   646  0000                     
   647  0000                     
   648  0000                     
   649  0000                     
   650  0000                     
   651  0000                     
   652  0000                     
   653  0000                     
   654  0000                     
   655  0000                     
   656  0000                     
   657  0000                     
   658  0000                     
   659  0000                     
   660  0000                     
   661  0000                     
   662  0000                     
   663  0000                     
   664  0000                     
   665  0000                     
   666  0000                     
   667  0000                     
   668  0000                     
   669  0000                     
   670  0000                     
   671  0000                     
   672  0000                     
   673  0000                     
   674  0000                     
   675  0000                     
   676  0000                     
   677  0000                     
   678  0000                     
   679  0000                     
   680  0000                     
   681  0000                     
   682  0000                     
   683  0000                     
   684  0000                     
   685  0000                     
   686  0000                     
   687  0000                     
   688  0000                     
   689  0000                     
   690  0000                     
   691  0000                     
   692  0000                     
   693  0000                     
   694  0000                     
   695  0000                     
   696  0000                     
   697  0000                     
   698  0000                     
   699  0000                     
   700  0000                     
   701  0000                     
   702  0000                     
   703  0000                     
   704  0000                     
   705  0000                     
   706  0000                     
   707  0000                     
   708  0000                     
   709  0000                     
   710  0000                     
   711  0000                     
   712  0000                     
   713  0000                     
   714  0000                     
   715  0000                     
   716  0000                     
   717  0000                     
   718  0000                     
   719  0000                     
   720                           
   721                           	psect	temp
   722  0074                     btemp
                     btemp
   723  0074                     	ds	2


HI-TECH Software PICC Macro Assembler V9.60PL3 build 3862 
Symbol Table                                          Wed Apr 29 16:34:22 2020

                       pc 0002                _SetUHFMode 17AD  
                      l30 1611                        l31 1607  
                      l33 092E                        l42 094C  
                      l43 094F                        l44 0966  
                      l36 0956                        l38 0931  
                      l47 0921                        l39 093C  
                      l48 0907                        l49 0920  
                      u75 0979                        fsr 0004  
                     _uhf 0110            _pkt_ctl_len_au 1057  
_uhf_registration_timeout 0031      __end_of_UHFCommsInit 0923  
                    btemp 0074         ?a_CalcUHFChecksum 0044  
 __end_of_CalcUHFChecksum 08E9       __end_of_get_pkt_len 07FE  
                   _timer 0034                     pclath 000A  
                   status 0003               _get_pkt_len 08E9  
            _UHFCommsInit 15EA                _pkt_len_au 1064  
       _InitUHFTranceiver 1691                used_btemp0 0001  
              used_btemp1 0001           _CalcUHFChecksum 0923  
